<?xml version="1.0" encoding="UTF-8"?>
<testng-results ignored="0" total="0" passed="0" failed="0" skipped="0">
  <reporter-output>
  </reporter-output>
  <suite started-at="2019-09-22T20:43:41Z" name="TestSample" finished-at="2019-09-22T20:43:41Z" duration-ms="5">
    <groups>
    </groups>
    <test started-at="2019-09-22T20:43:41Z" name="Command line test" finished-at="2019-09-22T20:43:41Z" duration-ms="5">
    </test> <!-- Command line test -->
  </suite> <!-- TestSample -->
</testng-results>
